<?xml version="1.0" encoding="UTF-8"?>
<testsuite xmlns:xsi="http://www.w3.org/2001/XMLSchema-instance" xsi:noNamespaceSchemaLocation="https://maven.apache.org/surefire/maven-surefire-plugin/xsd/surefire-test-report.xsd" name="kth.sonarqube.AppTest" time="0.041" tests="1" errors="0" skipped="0" failures="1">
  <properties>
    <property name="sun.desktop" value="gnome"/>
    <property name="awt.toolkit" value="sun.awt.X11.XToolkit"/>
    <property name="file.encoding.pkg" value="sun.io"/>
    <property name="java.specification.version" value="1.8"/>
    <property name="sun.cpu.isalist" value=""/>
    <property name="sun.jnu.encoding" value="UTF-8"/>
    <property name="java.class.path" value="/home/tailp/MasterThesis/repairnator/src/repairnator-pipeline/workspace/henry-lp-SonarQubeRepairTests-master/target/test-classes:/home/tailp/MasterThesis/repairnator/src/repairnator-pipeline/workspace/henry-lp-SonarQubeRepairTests-master/target/classes:/home/tailp/MasterThesis/repairnator/src/repairnator-pipeline/./workspace/henry-lp-SonarQubeRepairTests-master/.m2/junit/junit/4.11/junit-4.11.jar:/home/tailp/MasterThesis/repairnator/src/repairnator-pipeline/./workspace/henry-lp-SonarQubeRepairTests-master/.m2/org/hamcrest/hamcrest-core/1.3/hamcrest-core-1.3.jar:"/>
    <property name="java.vm.vendor" value="Private Build"/>
    <property name="skip.bower" value="true"/>
    <property name="sun.arch.data.model" value="64"/>
    <property name="java.vendor.url" value="http://java.oracle.com/"/>
    <property name="user.timezone" value=""/>
    <property name="os.name" value="Linux"/>
    <property name="java.vm.specification.version" value="1.8"/>
    <property name="rat.skip" value="true"/>
    <property name="gpg.skip" value="true"/>
    <property name="user.country" value="US"/>
    <property name="sun.java.launcher" value="SUN_STANDARD"/>
    <property name="sun.boot.library.path" value="/usr/lib/jvm/java-8-openjdk-amd64/jre/lib/amd64"/>
    <property name="skip.gulp" value="true"/>
    <property name="sun.java.command" value="/home/tailp/MasterThesis/repairnator/src/repairnator-pipeline/workspace/henry-lp-SonarQubeRepairTests-master/target/surefire/surefirebooter910911983144921459.jar /home/tailp/MasterThesis/repairnator/src/repairnator-pipeline/workspace/henry-lp-SonarQubeRepairTests-master/target/surefire 2020-05-18T15-41-58_007-jvmRun1 surefire7036400468358320500tmp surefire_02760812310573576653tmp"/>
    <property name="dependency-check.skip" value="true"/>
    <property name="surefire.test.class.path" value="/home/tailp/MasterThesis/repairnator/src/repairnator-pipeline/workspace/henry-lp-SonarQubeRepairTests-master/target/test-classes:/home/tailp/MasterThesis/repairnator/src/repairnator-pipeline/workspace/henry-lp-SonarQubeRepairTests-master/target/classes:/home/tailp/MasterThesis/repairnator/src/repairnator-pipeline/./workspace/henry-lp-SonarQubeRepairTests-master/.m2/junit/junit/4.11/junit-4.11.jar:/home/tailp/MasterThesis/repairnator/src/repairnator-pipeline/./workspace/henry-lp-SonarQubeRepairTests-master/.m2/org/hamcrest/hamcrest-core/1.3/hamcrest-core-1.3.jar:"/>
    <property name="sun.cpu.endian" value="little"/>
    <property name="user.home" value="/home/tailp"/>
    <property name="user.language" value="en"/>
    <property name="java.specification.vendor" value="Oracle Corporation"/>
    <property name="java.home" value="/usr/lib/jvm/java-8-openjdk-amd64/jre"/>
    <property name="basedir" value="/home/tailp/MasterThesis/repairnator/src/repairnator-pipeline/workspace/henry-lp-SonarQubeRepairTests-master"/>
    <property name="file.separator" value="/"/>
    <property name="line.separator" value="&#10;"/>
    <property name="skip.npm" value="true"/>
    <property name="java.vm.specification.vendor" value="Oracle Corporation"/>
    <property name="java.specification.name" value="Java Platform API Specification"/>
    <property name="java.awt.graphicsenv" value="sun.awt.X11GraphicsEnvironment"/>
    <property name="skipITs" value="true"/>
    <property name="surefire.real.class.path" value="/home/tailp/MasterThesis/repairnator/src/repairnator-pipeline/workspace/henry-lp-SonarQubeRepairTests-master/target/surefire/surefirebooter910911983144921459.jar"/>
    <property name="cobertura.skip" value="true"/>
    <property name="sun.boot.class.path" value="/usr/lib/jvm/java-8-openjdk-amd64/jre/lib/resources.jar:/usr/lib/jvm/java-8-openjdk-amd64/jre/lib/rt.jar:/usr/lib/jvm/java-8-openjdk-amd64/jre/lib/sunrsasign.jar:/usr/lib/jvm/java-8-openjdk-amd64/jre/lib/jsse.jar:/usr/lib/jvm/java-8-openjdk-amd64/jre/lib/jce.jar:/usr/lib/jvm/java-8-openjdk-amd64/jre/lib/charsets.jar:/usr/lib/jvm/java-8-openjdk-amd64/jre/lib/jfr.jar:/usr/lib/jvm/java-8-openjdk-amd64/jre/classes"/>
    <property name="sun.management.compiler" value="HotSpot 64-Bit Tiered Compilers"/>
    <property name="java.runtime.version" value="1.8.0_252-8u252-b09-1~18.04-b09"/>
    <property name="user.name" value="tailp"/>
    <property name="findbugs.skip" value="true"/>
    <property name="path.separator" value=":"/>
    <property name="os.version" value="5.0.10-surface-linux-surface"/>
    <property name="java.endorsed.dirs" value="/usr/lib/jvm/java-8-openjdk-amd64/jre/lib/endorsed"/>
    <property name="java.runtime.name" value="OpenJDK Runtime Environment"/>
    <property name="file.encoding" value="UTF-8"/>
    <property name="java.vm.name" value="OpenJDK 64-Bit Server VM"/>
    <property name="localRepository" value="/home/tailp/MasterThesis/repairnator/src/repairnator-pipeline/./workspace/henry-lp-SonarQubeRepairTests-master/.m2"/>
    <property name="java.vendor.url.bug" value="http://bugreport.sun.com/bugreport/"/>
    <property name="java.io.tmpdir" value="/tmp"/>
    <property name="java.version" value="1.8.0_252"/>
    <property name="user.dir" value="/home/tailp/MasterThesis/repairnator/src/repairnator-pipeline/workspace/henry-lp-SonarQubeRepairTests-master"/>
    <property name="os.arch" value="amd64"/>
    <property name="license.skip" value="true"/>
    <property name="java.vm.specification.name" value="Java Virtual Machine Specification"/>
    <property name="java.awt.printerjob" value="sun.print.PSPrinterJob"/>
    <property name="sun.os.patch.level" value="unknown"/>
    <property name="java.library.path" value="/usr/java/packages/lib/amd64:/usr/lib/x86_64-linux-gnu/jni:/lib/x86_64-linux-gnu:/usr/lib/x86_64-linux-gnu:/usr/lib/jni:/lib:/usr/lib"/>
    <property name="java.vm.info" value="mixed mode"/>
    <property name="java.vendor" value="Private Build"/>
    <property name="java.vm.version" value="25.252-b09"/>
    <property name="java.ext.dirs" value="/usr/lib/jvm/java-8-openjdk-amd64/jre/lib/ext:/usr/java/packages/lib/ext"/>
    <property name="sun.io.unicode.encoding" value="UnicodeLittle"/>
    <property name="maven.repo.local" value="/home/tailp/MasterThesis/repairnator/src/repairnator-pipeline/./workspace/henry-lp-SonarQubeRepairTests-master/.m2"/>
    <property name="enforcer.skip" value="true"/>
    <property name="java.class.version" value="52.0"/>
  </properties>
  <testcase name="shouldAnswerWithTrue" classname="kth.sonarqube.AppTest" time="0.006">
    <failure type="java.lang.AssertionError">java.lang.AssertionError
	at kth.sonarqube.AppTest.shouldAnswerWithTrue(AppTest.java:18)
</failure>
  </testcase>
</testsuite>